<?xml version="1.0" encoding="UTF-8"?>
<!-- Generated by org.testng.reporters.JUnitXMLReporter -->
<testsuite hostname="PHANs-MacBook-Pro.local" ignored="0" name="Order flow testing" tests="11" failures="0" timestamp="2022-03-06T22:53:32 ICT" time="48.925" errors="0">
  <testcase name="launchUrl" time="4.081" classname="com.test.e2e_tests.OrderFlowTest"/>
  <testcase name="login" time="9.622" classname="com.test.e2e_tests.OrderFlowTest"/>
  <testcase name="navigateInventoryFeature" time="0.934" classname="com.test.e2e_tests.OrderFlowTest"/>
  <testcase name="goToProductsPage" time="1.372" classname="com.test.e2e_tests.OrderFlowTest"/>
  <testcase name="createNewProduct" time="16.38" classname="com.test.e2e_tests.OrderFlowTest"/>
  <testcase name="updateQuantity" time="1.27" classname="com.test.e2e_tests.OrderFlowTest"/>
  <testcase name="clickOnApplicationMenu" time="0.06" classname="com.test.e2e_tests.OrderFlowTest"/>
  <testcase name="clickOnManufacturingIcon" time="1.885" classname="com.test.e2e_tests.OrderFlowTest"/>
  <testcase name="createManufactoringOrder" time="1.132" classname="com.test.e2e_tests.OrderFlowTest"/>
  <testcase name="updateManufactoringOrder" time="2.285" classname="com.test.e2e_tests.OrderFlowTest"/>
  <testcase name="verifyOrderDetails" time="0.12" classname="com.test.e2e_tests.OrderFlowTest"/>
</testsuite> <!-- Order flow testing -->
