<?xml version="1.0" encoding="UTF-8"?>
<testsuite xmlns:xsi="http://www.w3.org/2001/XMLSchema-instance" xsi:noNamespaceSchemaLocation="https://maven.apache.org/surefire/maven-surefire-plugin/xsd/surefire-test-report-3.0.xsd" version="3.0" name="TestSuite" time="49.616" tests="11" errors="0" skipped="0" failures="0">
  <properties>
[...]
</properties>
  <testcase name="launchUrl[https://aspireapp.odoo.com](1)" classname="com.test.e2e_tests.OrderFlowTest" time="4.156">
    <system-err><![CDATA[SLF4J: Failed to load class "org.slf4j.impl.StaticLoggerBinder".
SLF4J: Defaulting to no-operation (NOP) logger implementation
SLF4J: See http://www.slf4j.org/codes.html#StaticLoggerBinder for further details.
Starting ChromeDriver 99.0.4844.51 (d537ec02474b5afe23684e7963d538896c63ac77-refs/branch-heads/4844@{#875}) on port 60265
Only local connections are allowed.
Please see https://chromedriver.chromium.org/security-considerations for suggestions on keeping ChromeDriver safe.
ChromeDriver was started successfully.
Mar 06, 2022 10:52:51 PM org.openqa.selenium.remote.ProtocolHandshake createSession
INFO: Detected dialect: W3C
Mar 06, 2022 10:52:51 PM org.openqa.selenium.devtools.CdpVersionFinder findNearestMatch
WARNING: Unable to find an exact match for CDP version 99, so returning the closest version found: 97
Mar 06, 2022 10:52:51 PM org.openqa.selenium.devtools.CdpVersionFinder findNearestMatch
INFO: Found CDP implementation for version 99 of 97
]]></system-err>
  </testcase>
  <testcase name="login[user@aspireapp.com, @sp1r3app](1)" classname="com.test.e2e_tests.OrderFlowTest" time="9.622"/>
  <testcase name="navigateInventoryFeature" classname="com.test.e2e_tests.OrderFlowTest" time="0.952"/>
  <testcase name="goToProductsPage" classname="com.test.e2e_tests.OrderFlowTest" time="1.373"/>
  <testcase name="createNewProduct" classname="com.test.e2e_tests.OrderFlowTest" time="16.381"/>
  <testcase name="updateQuantity" classname="com.test.e2e_tests.OrderFlowTest" time="1.289"/>
  <testcase name="clickOnApplicationMenu" classname="com.test.e2e_tests.OrderFlowTest" time="0.074"/>
  <testcase name="clickOnManufacturingIcon" classname="com.test.e2e_tests.OrderFlowTest" time="1.906"/>
  <testcase name="createManufactoringOrder" classname="com.test.e2e_tests.OrderFlowTest" time="1.133"/>
  <testcase name="updateManufactoringOrder" classname="com.test.e2e_tests.OrderFlowTest" time="2.286"/>
  <testcase name="verifyOrderDetails" classname="com.test.e2e_tests.OrderFlowTest" time="0.12"/>
</testsuite>